{
  "run_id": "a0f226f9-3406-41f9-9b28-cd35c8ceae96",
  "started_at": "2026-01-16T10:25:28.610433756Z",
  "finished_at": "2026-01-16T10:25:42.983594857Z",
  "duration_seconds": 14,
  "environment": {
    "java_version": "17.0.17",
    "platform": "Linux-amd64"
  },
  "before": {
    "tests": {
      "output": "COMPILATION FAILED\ntests/FetchOptimizationTest.java:1: error: package org.junit.jupiter.api does not exist\nimport org.junit.jupiter.api.Test;\n                            ^\ntests/FetchOptimizationTest.java:2: error: package org.junit.jupiter.api does not exist\nimport static org.junit.jupiter.api.Assertions.*;\n                                   ^\ntests/FetchOptimizationTest.java:24: error: cannot find symbol\n    @Test\n     ^\n  symbol:   class Test\n  location: class FetchOptimizationTest\ntests/FetchOptimizationTest.java:37: error: cannot find symbol\n    @Test\n     ^\n  symbol:   class Test\n  location: class FetchOptimizationTest\ntests/FetchOptimizationTest.java:48: error: cannot find symbol\n    @Test\n     ^\n  symbol:   class Test\n  location: class FetchOptimizationTest\ntests/FetchOptimizationTest.java:57: error: cannot find symbol\n    @Test\n     ^\n  symbol:   class Test\n  location: class FetchOptimizationTest\ntests/FetchOptimizationTest.java:67: error: cannot find symbol\n    @Test\n     ^\n  symbol:   class Test\n  location: class FetchOptimizationTest\ntests/FetchOptimizationTest.java:83: error: cannot find symbol\n    @Test\n     ^\n  symbol:   class Test\n  location: class FetchOptimizationTest\ntests/FetchOptimizationTest.java:96: error: cannot find symbol\n    @Test\n     ^\n  symbol:   class Test\n  location: class FetchOptimizationTest\ntests/FetchOptimizationTest.java:30: error: cannot find symbol\n        assertEquals(expected, resultAfter);\n        ^\n  symbol:   method assertEquals(List<Object>,List<Object>)\n  location: class FetchOptimizationTest\ntests/FetchOptimizationTest.java:33: error: cannot find symbol\n        assertEquals(expected, resultBefore);\n        ^\n  symbol:   method assertEquals(List<Object>,List<Object>)\n  location: class FetchOptimizationTest\ntests/FetchOptimizationTest.java:41: error: cannot find symbol\n        assertEquals(Arrays.asList(1, 2, 3), FetchOptimization.fetchItems(items, 1, 3));\n        ^\n  symbol:   method assertEquals(List<Integer>,List<Object>)\n  location: class FetchOptimizationTest\ntests/FetchOptimizationTest.java:42: error: cannot find symbol\n        assertEquals(Arrays.asList(4, 5, 6), FetchOptimization.fetchItems(items, 2, 3));\n        ^\n  symbol:   method assertEquals(List<Integer>,List<Object>)\n  location: class FetchOptimizationTest\ntests/FetchOptimizationTest.java:43: error: cannot find symbol\n        assertEquals(Arrays.asList(7, 8, 9), FetchOptimization.fetchItems(items, 3, 3));\n        ^\n  symbol:   method assertEquals(List<Integer>,List<Object>)\n  location: class FetchOptimizationTest\ntests/FetchOptimizationTest.java:44: error: cannot find symbol\n        assertEquals(Arrays.asList(10), FetchOptimization.fetchItems(items, 4, 3));\n        ^\n  symbol:   method assertEquals(List<Integer>,List<Object>)\n  location: class FetchOptimizationTest\ntests/FetchOptimizationTest.java:52: error: cannot find symbol\n        assertTrue(FetchOptimization.fetchItems(items, 10, 5).isEmpty());\n        ^\n  symbol:   method assertTrue(boolean)\n  location: class FetchOptimizationTest\ntests/FetchOptimizationTest.java:53: error: cannot find symbol\n        assertTrue(FetchOptimization.fetchItems(items, 2, 5).isEmpty());\n        ^\n  symbol:   method assertTrue(boolean)\n  location: class FetchOptimizationTest\ntests/FetchOptimizationTest.java:59: error: cannot find symbol\n        IllegalArgumentException ex = assertThrows(IllegalArgumentException.class,\n                                      ^\n  symbol:   method assertThrows(Class<IllegalArgumentException>,()->FetchO[...]null))\n  location: class FetchOptimizationTest\ntests/FetchOptimizationTest.java:61: error: cannot find symbol\n        assertEquals(\"Input list cannot be null\", ex.getMessage());\n        ^\n  symbol:   method assertEquals(String,String)\n  location: class FetchOptimizationTest\ntests/FetchOptimizationTest.java:63: error: cannot find symbol\n        assertThrows(Exception.class, () -> FetchOptimizationBefore.fetchItems(null));\n        ^\n  symbol:   method assertThrows(Class<Exception>,()->FetchO[...]null))\n  location: class FetchOptimizationTest\ntests/FetchOptimizationTest.java:72: error: cannot find symbol\n        assertThrows(IllegalArgumentException.class, () -> FetchOptimization.fetchItems(items, null, 5));\n        ^\n  symbol:   method assertThrows(Class<IllegalArgumentException>,()->FetchO[...]l, 5))\n  location: class FetchOptimizationTest\ntests/FetchOptimizationTest.java:73: error: cannot find symbol\n        assertThrows(IllegalArgumentException.class, () -> FetchOptimization.fetchItems(items, 1, null));\n        ^\n  symbol:   method assertThrows(Class<IllegalArgumentException>,()->FetchO[...]null))\n  location: class FetchOptimizationTest\ntests/FetchOptimizationTest.java:76: error: cannot find symbol\n        assertThrows(IllegalArgumentException.class, () -> FetchOptimization.fetchItems(items, 0, 5));\n        ^\n  symbol:   method assertThrows(Class<IllegalArgumentException>,()->FetchO[...]0, 5))\n  location: class FetchOptimizationTest\ntests/FetchOptimizationTest.java:77: error: cannot find symbol\n        assertThrows(IllegalArgumentException.class, () -> FetchOptimization.fetchItems(items, -1, 5));\n        ^\n  symbol:   method assertThrows(Class<IllegalArgumentException>,()->FetchO[...]1, 5))\n  location: class FetchOptimizationTest\ntests/FetchOptimizationTest.java:78: error: cannot find symbol\n        assertThrows(IllegalArgumentException.class, () -> FetchOptimization.fetchItems(items, 1, 0));\n        ^\n  symbol:   method assertThrows(Class<IllegalArgumentException>,()->FetchO[...]1, 0))\n  location: class FetchOptimizationTest\ntests/FetchOptimizationTest.java:79: error: cannot find symbol\n        assertThrows(IllegalArgumentException.class, () -> FetchOptimization.fetchItems(items, 1, -1));\n        ^\n  symbol:   method assertThrows(Class<IllegalArgumentException>,()->FetchO[...], -1))\n  location: class FetchOptimizationTest\ntests/FetchOptimizationTest.java:89: error: cannot find symbol\n        assertEquals(resultBefore, resultAfter);\n        ^\n  symbol:   method assertEquals(List<Object>,List<Object>)\n  location: class FetchOptimizationTest\ntests/FetchOptimizationTest.java:92: error: cannot find symbol\n        assertEquals(resultAfter, FetchOptimization.fetchItems(items, null, null));\n        ^\n  symbol:   method assertEquals(List<Object>,List<Object>)\n  location: class FetchOptimizationTest\ntests/FetchOptimizationTest.java:100: error: cannot find symbol\n        assertEquals(Arrays.asList(\"user1\", 123, \"user2\", 456), FetchOptimization.fetchItems(mixed));\n        ^\n  symbol:   method assertEquals(List<INT#1>,List<Object>)\n  location: class FetchOptimizationTest\n  where INT#1,INT#2 are intersection types:\n    INT#1 extends Object,Serializable,Comparable<? extends INT#2>,Constable,ConstantDesc\n    INT#2 extends Object,Serializable,Comparable<?>,Constable,ConstantDesc\ntests/FetchOptimizationTest.java:101: error: cannot find symbol\n        assertEquals(Arrays.asList(\"user1\", 123), FetchOptimization.fetchItems(mixed, 1, 2));\n        ^\n  symbol:   method assertEquals(List<INT#1>,List<Object>)\n  location: class FetchOptimizationTest\n  where INT#1,INT#2 are intersection types:\n    INT#1 extends Object,Serializable,Comparable<? extends INT#2>,Constable,ConstantDesc\n    INT#2 extends Object,Serializable,Comparable<?>,Constable,ConstantDesc\ntests/FetchOptimizationTest.java:108: error: cannot find symbol\n        assertEquals(100, FetchOptimization.fetchItems(large).size());\n        ^\n  symbol:   method assertEquals(int,int)\n  location: class FetchOptimizationTest\ntests/FetchOptimizationTest.java:109: error: cannot find symbol\n        assertEquals(10, FetchOptimization.fetchItems(large, 1, 10).size());\n        ^\n  symbol:   method assertEquals(int,int)\n  location: class FetchOptimizationTest\ntests/FetchOptimizationTest.java:113: error: cannot find symbol\n        assertEquals(Arrays.asList(1, 2), FetchOptimization.fetchItems(withDupes, 1, 2));\n        ^\n  symbol:   method assertEquals(List<Integer>,List<Object>)\n  location: class FetchOptimizationTest\n33 errors\n",
      "passed": false
    },
    "metrics": {}
  },
  "after": {
    "tests": {
      "output": "COMPILATION FAILED\nrepository_after/fetchOptimization.java:5: error: class FetchOptimization is public, should be declared in a file named FetchOptimization.java\npublic class FetchOptimization {\n       ^\ntests/FetchOptimizationTest.java:1: error: package org.junit.jupiter.api does not exist\nimport org.junit.jupiter.api.Test;\n                            ^\ntests/FetchOptimizationTest.java:2: error: package org.junit.jupiter.api does not exist\nimport static org.junit.jupiter.api.Assertions.*;\n                                   ^\ntests/FetchOptimizationTest.java:24: error: cannot find symbol\n    @Test\n     ^\n  symbol:   class Test\n  location: class FetchOptimizationTest\ntests/FetchOptimizationTest.java:37: error: cannot find symbol\n    @Test\n     ^\n  symbol:   class Test\n  location: class FetchOptimizationTest\ntests/FetchOptimizationTest.java:48: error: cannot find symbol\n    @Test\n     ^\n  symbol:   class Test\n  location: class FetchOptimizationTest\ntests/FetchOptimizationTest.java:57: error: cannot find symbol\n    @Test\n     ^\n  symbol:   class Test\n  location: class FetchOptimizationTest\ntests/FetchOptimizationTest.java:67: error: cannot find symbol\n    @Test\n     ^\n  symbol:   class Test\n  location: class FetchOptimizationTest\ntests/FetchOptimizationTest.java:83: error: cannot find symbol\n    @Test\n     ^\n  symbol:   class Test\n  location: class FetchOptimizationTest\ntests/FetchOptimizationTest.java:96: error: cannot find symbol\n    @Test\n     ^\n  symbol:   class Test\n  location: class FetchOptimizationTest\ntests/FetchOptimizationTest.java:30: error: cannot find symbol\n        assertEquals(expected, resultAfter);\n        ^\n  symbol:   method assertEquals(List<Object>,List<Object>)\n  location: class FetchOptimizationTest\ntests/FetchOptimizationTest.java:33: error: cannot find symbol\n        assertEquals(expected, resultBefore);\n        ^\n  symbol:   method assertEquals(List<Object>,List<Object>)\n  location: class FetchOptimizationTest\ntests/FetchOptimizationTest.java:41: error: cannot find symbol\n        assertEquals(Arrays.asList(1, 2, 3), FetchOptimization.fetchItems(items, 1, 3));\n        ^\n  symbol:   method assertEquals(List<Integer>,List<Object>)\n  location: class FetchOptimizationTest\ntests/FetchOptimizationTest.java:42: error: cannot find symbol\n        assertEquals(Arrays.asList(4, 5, 6), FetchOptimization.fetchItems(items, 2, 3));\n        ^\n  symbol:   method assertEquals(List<Integer>,List<Object>)\n  location: class FetchOptimizationTest\ntests/FetchOptimizationTest.java:43: error: cannot find symbol\n        assertEquals(Arrays.asList(7, 8, 9), FetchOptimization.fetchItems(items, 3, 3));\n        ^\n  symbol:   method assertEquals(List<Integer>,List<Object>)\n  location: class FetchOptimizationTest\ntests/FetchOptimizationTest.java:44: error: cannot find symbol\n        assertEquals(Arrays.asList(10), FetchOptimization.fetchItems(items, 4, 3));\n        ^\n  symbol:   method assertEquals(List<Integer>,List<Object>)\n  location: class FetchOptimizationTest\ntests/FetchOptimizationTest.java:52: error: cannot find symbol\n        assertTrue(FetchOptimization.fetchItems(items, 10, 5).isEmpty());\n        ^\n  symbol:   method assertTrue(boolean)\n  location: class FetchOptimizationTest\ntests/FetchOptimizationTest.java:53: error: cannot find symbol\n        assertTrue(FetchOptimization.fetchItems(items, 2, 5).isEmpty());\n        ^\n  symbol:   method assertTrue(boolean)\n  location: class FetchOptimizationTest\ntests/FetchOptimizationTest.java:59: error: cannot find symbol\n        IllegalArgumentException ex = assertThrows(IllegalArgumentException.class,\n                                      ^\n  symbol:   method assertThrows(Class<IllegalArgumentException>,()->FetchO[...]null))\n  location: class FetchOptimizationTest\ntests/FetchOptimizationTest.java:61: error: cannot find symbol\n        assertEquals(\"Input list cannot be null\", ex.getMessage());\n        ^\n  symbol:   method assertEquals(String,String)\n  location: class FetchOptimizationTest\ntests/FetchOptimizationTest.java:63: error: cannot find symbol\n        assertThrows(Exception.class, () -> FetchOptimizationBefore.fetchItems(null));\n        ^\n  symbol:   method assertThrows(Class<Exception>,()->FetchO[...]null))\n  location: class FetchOptimizationTest\ntests/FetchOptimizationTest.java:72: error: cannot find symbol\n        assertThrows(IllegalArgumentException.class, () -> FetchOptimization.fetchItems(items, null, 5));\n        ^\n  symbol:   method assertThrows(Class<IllegalArgumentException>,()->FetchO[...]l, 5))\n  location: class FetchOptimizationTest\ntests/FetchOptimizationTest.java:73: error: cannot find symbol\n        assertThrows(IllegalArgumentException.class, () -> FetchOptimization.fetchItems(items, 1, null));\n        ^\n  symbol:   method assertThrows(Class<IllegalArgumentException>,()->FetchO[...]null))\n  location: class FetchOptimizationTest\ntests/FetchOptimizationTest.java:76: error: cannot find symbol\n        assertThrows(IllegalArgumentException.class, () -> FetchOptimization.fetchItems(items, 0, 5));\n        ^\n  symbol:   method assertThrows(Class<IllegalArgumentException>,()->FetchO[...]0, 5))\n  location: class FetchOptimizationTest\ntests/FetchOptimizationTest.java:77: error: cannot find symbol\n        assertThrows(IllegalArgumentException.class, () -> FetchOptimization.fetchItems(items, -1, 5));\n        ^\n  symbol:   method assertThrows(Class<IllegalArgumentException>,()->FetchO[...]1, 5))\n  location: class FetchOptimizationTest\ntests/FetchOptimizationTest.java:78: error: cannot find symbol\n        assertThrows(IllegalArgumentException.class, () -> FetchOptimization.fetchItems(items, 1, 0));\n        ^\n  symbol:   method assertThrows(Class<IllegalArgumentException>,()->FetchO[...]1, 0))\n  location: class FetchOptimizationTest\ntests/FetchOptimizationTest.java:79: error: cannot find symbol\n        assertThrows(IllegalArgumentException.class, () -> FetchOptimization.fetchItems(items, 1, -1));\n        ^\n  symbol:   method assertThrows(Class<IllegalArgumentException>,()->FetchO[...], -1))\n  location: class FetchOptimizationTest\ntests/FetchOptimizationTest.java:89: error: cannot find symbol\n        assertEquals(resultBefore, resultAfter);\n        ^\n  symbol:   method assertEquals(List<Object>,List<Object>)\n  location: class FetchOptimizationTest\ntests/FetchOptimizationTest.java:92: error: cannot find symbol\n        assertEquals(resultAfter, FetchOptimization.fetchItems(items, null, null));\n        ^\n  symbol:   method assertEquals(List<Object>,List<Object>)\n  location: class FetchOptimizationTest\ntests/FetchOptimizationTest.java:100: error: cannot find symbol\n        assertEquals(Arrays.asList(\"user1\", 123, \"user2\", 456), FetchOptimization.fetchItems(mixed));\n        ^\n  symbol:   method assertEquals(List<INT#1>,List<Object>)\n  location: class FetchOptimizationTest\n  where INT#1,INT#2 are intersection types:\n    INT#1 extends Object,Serializable,Comparable<? extends INT#2>,Constable,ConstantDesc\n    INT#2 extends Object,Serializable,Comparable<?>,Constable,ConstantDesc\ntests/FetchOptimizationTest.java:101: error: cannot find symbol\n        assertEquals(Arrays.asList(\"user1\", 123), FetchOptimization.fetchItems(mixed, 1, 2));\n        ^\n  symbol:   method assertEquals(List<INT#1>,List<Object>)\n  location: class FetchOptimizationTest\n  where INT#1,INT#2 are intersection types:\n    INT#1 extends Object,Serializable,Comparable<? extends INT#2>,Constable,ConstantDesc\n    INT#2 extends Object,Serializable,Comparable<?>,Constable,ConstantDesc\ntests/FetchOptimizationTest.java:108: error: cannot find symbol\n        assertEquals(100, FetchOptimization.fetchItems(large).size());\n        ^\n  symbol:   method assertEquals(int,int)\n  location: class FetchOptimizationTest\ntests/FetchOptimizationTest.java:109: error: cannot find symbol\n        assertEquals(10, FetchOptimization.fetchItems(large, 1, 10).size());\n        ^\n  symbol:   method assertEquals(int,int)\n  location: class FetchOptimizationTest\ntests/FetchOptimizationTest.java:113: error: cannot find symbol\n        assertEquals(Arrays.asList(1, 2), FetchOptimization.fetchItems(withDupes, 1, 2));\n        ^\n  symbol:   method assertEquals(List<Integer>,List<Object>)\n  location: class FetchOptimizationTest\n34 errors\n",
      "passed": false
    },
    "metrics": {}
  },
  "comparison": {
    "passed_gate": false
  },
  "success": false,
  "error": "Tests failed"
}