{
  "run_id": "5d9ede87-ef0c-4233-b72c-c14909bcaf7b",
  "started_at": "2026-01-14T14:44:54.496284Z",
  "finished_at": "2026-01-14T14:45:47.452711Z",
  "duration_seconds": 52.956427,
  "environment": {
    "python_version": "3.11.14",
    "platform": "Linux-6.6.87.2-microsoft-standard-WSL2-x86_64-with-glibc2.41"
  },
  "before": {
    "tests": {
      "passed": false,
      "return_code": 1,
      "output": "============================= test session starts ==============================\nplatform linux -- Python 3.11.14, pytest-7.4.3, pluggy-1.6.0 -- /usr/local/bin/python3.11\ncachedir: .pytest_cache\nrootdir: /app\ncollecting ... collected 4 items\n\ntests/test.py::test_correctness_small PASSED\ntests/test.py::test_no_match PASSED\ntests/test.py::test_long_pattern_fallback PASSED\ntests/test.py::test_performance_large_genome FAILED\n\n=================================== FAILURES ===================================\n________________________ test_performance_large_genome _________________________\n\n>   ???\nE   AssertionError: Too slow: 5.01s (must be < 0.5s)\n\n/tests/test.py:100: AssertionError\n=========================== short test summary info ============================\nFAILED tests/test.py::test_performance_large_genome - AssertionError: Too slo...\n========================= 1 failed, 3 passed in 8.43s ==========================\n",
      "per_test": [
        {
          "name": "test_correctness_small",
          "passed": true
        },
        {
          "name": "test_no_match",
          "passed": true
        },
        {
          "name": "test_long_pattern_fallback",
          "passed": true
        },
        {
          "name": "test_performance_large_genome",
          "passed": false
        }
      ]
    },
    "metrics": {}
  },
  "after": {
    "tests": {
      "passed": true,
      "return_code": 0,
      "output": "============================= test session starts ==============================\nplatform linux -- Python 3.11.14, pytest-7.4.3, pluggy-1.6.0 -- /usr/local/bin/python3.11\ncachedir: .pytest_cache\nrootdir: /app\ncollecting ... collected 4 items\n\ntests/test.py::test_correctness_small PASSED\ntests/test.py::test_no_match PASSED\ntests/test.py::test_long_pattern_fallback PASSED\ntests/test.py::test_performance_large_genome PASSED\n\n============================== 4 passed in 5.25s ===============================\n",
      "per_test": [
        {
          "name": "test_correctness_small",
          "passed": true
        },
        {
          "name": "test_no_match",
          "passed": true
        },
        {
          "name": "test_long_pattern_fallback",
          "passed": true
        },
        {
          "name": "test_performance_large_genome",
          "passed": true
        }
      ]
    },
    "metrics": {}
  },
  "comparison": {
    "passed_gate": true,
    "improvement_summary": "After repository passed all tests"
  },
  "success": true,
  "error": null
}