{
  "run_id": "10e6c500-539f-4f44-9bdd-a8a6f47531c4",
  "started_at": "2026-01-17T06:10:04.827647765Z",
  "finished_at": "2026-01-17T06:10:22.547165141Z",
  "duration_seconds": 17,
  "environment": {
    "java_version": "17.0.17",
    "platform": "Linux-amd64"
  },
  "before": {
    "tests": {
      "output": "\n\nThanks for using JUnit! Support its development at https://junit.org/sponsoring\n\n[36mâ•·[0m\n[36mâ”œâ”€[0m [36mJUnit Jupiter[0m [32mâœ”[0m\n[36mâ”‚  â””â”€[0m [36mFetchOptimizationTest[0m [32mâœ”[0m\n[36mâ”‚     â”œâ”€[0m [31mtest2_OptionalPagination_OneBasedIndexing()[0m [31mâœ˜[0m [31mPagination not supported in repository_before[0m\n[36mâ”‚     â”œâ”€[0m [31mtest5_PaginationValidation()[0m [31mâœ˜[0m [31mUnexpected exception type thrown, expected: <java.lang.IllegalArgumentException> but was: <java.lang.UnsupportedOperationException>[0m\n[36mâ”‚     â”œâ”€[0m [34mtest1_LinearTimeDuplicateRemoval_PreservesOrder()[0m [32mâœ”[0m\n[36mâ”‚     â”œâ”€[0m [31mtest4_NullInput_ThrowsException()[0m [31mâœ˜[0m [31mUnexpected exception type thrown, expected: <java.lang.IllegalArgumentException> but was: <java.lang.NullPointerException>[0m\n[36mâ”‚     â”œâ”€[0m [31mtest3_OutOfRangePage_ReturnsEmptyList()[0m [31mâœ˜[0m [31mPagination not supported in repository_before[0m\n[36mâ”‚     â”œâ”€[0m [31mtest7_RealisticApiStyle()[0m [31mâœ˜[0m [31mPagination not supported in repository_before[0m\n[36mâ”‚     â””â”€[0m [31mtest6_BackwardCompatibility()[0m [31mâœ˜[0m [31mPagination not supported in repository_before[0m\n[36mâ”œâ”€[0m [36mJUnit Vintage[0m [32mâœ”[0m\n[36mâ””â”€[0m [36mJUnit Platform Suite[0m [32mâœ”[0m\n\nFailures (6):\n  JUnit Jupiter:FetchOptimizationTest:test2_OptionalPagination_OneBasedIndexing()\n    MethodSource [className = 'FetchOptimizationTest', methodName = 'test2_OptionalPagination_OneBasedIndexing', methodParameterTypes = '']\n    => java.lang.UnsupportedOperationException: Pagination not supported in repository_before\n       FetchOptimization.fetchItems(FetchOptimization.java:14)\n       FetchOptimizationTest.test2_OptionalPagination_OneBasedIndexing(FetchOptimizationTest.java:41)\n       java.base/jdk.internal.reflect.NativeMethodAccessorImpl.invoke0(Native Method)\n       java.base/jdk.internal.reflect.NativeMethodAccessorImpl.invoke(NativeMethodAccessorImpl.java:77)\n       java.base/jdk.internal.reflect.DelegatingMethodAccessorImpl.invoke(DelegatingMethodAccessorImpl.java:43)\n       java.base/java.lang.reflect.Method.invoke(Method.java:569)\n       org.junit.platform.commons.util.ReflectionUtils.invokeMethod(ReflectionUtils.java:727)\n       org.junit.jupiter.engine.execution.MethodInvocation.proceed(MethodInvocation.java:60)\n       org.junit.jupiter.engine.execution.InvocationInterceptorChain$ValidatingInvocation.proceed(InvocationInterceptorChain.java:131)\n       org.junit.jupiter.engine.extension.TimeoutExtension.intercept(TimeoutExtension.java:156)\n       [...]\n  JUnit Jupiter:FetchOptimizationTest:test5_PaginationValidation()\n    MethodSource [className = 'FetchOptimizationTest', methodName = 'test5_PaginationValidation', methodParameterTypes = '']\n    => org.opentest4j.AssertionFailedError: Unexpected exception type thrown, expected: <java.lang.IllegalArgumentException> but was: <java.lang.UnsupportedOperationException>\n       org.junit.jupiter.api.AssertionFailureBuilder.build(AssertionFailureBuilder.java:151)\n       org.junit.jupiter.api.AssertThrows.assertThrows(AssertThrows.java:67)\n       org.junit.jupiter.api.AssertThrows.assertThrows(AssertThrows.java:35)\n       org.junit.jupiter.api.Assertions.assertThrows(Assertions.java:3083)\n       FetchOptimizationTest.test5_PaginationValidation(FetchOptimizationTest.java:72)\n       [...]\n     Caused by: java.lang.UnsupportedOperationException: Pagination not supported in repository_before\n       FetchOptimization.fetchItems(FetchOptimization.java:14)\n       FetchOptimizationTest.lambda$test5_PaginationValidation$2(FetchOptimizationTest.java:72)\n       org.junit.jupiter.api.AssertThrows.assertThrows(AssertThrows.java:53)\n       [...]\n  JUnit Jupiter:FetchOptimizationTest:test4_NullInput_ThrowsException()\n    MethodSource [className = 'FetchOptimizationTest', methodName = 'test4_NullInput_ThrowsException', methodParameterTypes = '']\n    => org.opentest4j.AssertionFailedError: Unexpected exception type thrown, expected: <java.lang.IllegalArgumentException> but was: <java.lang.NullPointerException>\n       org.junit.jupiter.api.AssertionFailureBuilder.build(AssertionFailureBuilder.java:151)\n       org.junit.jupiter.api.AssertThrows.assertThrows(AssertThrows.java:67)\n       org.junit.jupiter.api.AssertThrows.assertThrows(AssertThrows.java:35)\n       org.junit.jupiter.api.Assertions.assertThrows(Assertions.java:3083)\n       FetchOptimizationTest.test4_NullInput_ThrowsException(FetchOptimizationTest.java:59)\n       [...]\n     Caused by: java.lang.NullPointerException: Cannot invoke \"java.util.List.size()\" because \"<parameter1>\" is null\n       FetchOptimization.fetchItems(FetchOptimization.java:6)\n       FetchOptimizationTest.lambda$test4_NullInput_ThrowsException$0(FetchOptimizationTest.java:60)\n       org.junit.jupiter.api.AssertThrows.assertThrows(AssertThrows.java:53)\n       [...]\n  JUnit Jupiter:FetchOptimizationTest:test3_OutOfRangePage_ReturnsEmptyList()\n    MethodSource [className = 'FetchOptimizationTest', methodName = 'test3_OutOfRangePage_ReturnsEmptyList', methodParameterTypes = '']\n    => java.lang.UnsupportedOperationException: Pagination not supported in repository_before\n       FetchOptimization.fetchItems(FetchOptimization.java:14)\n       FetchOptimizationTest.test3_OutOfRangePage_ReturnsEmptyList(FetchOptimizationTest.java:52)\n       java.base/jdk.internal.reflect.NativeMethodAccessorImpl.invoke0(Native Method)\n       java.base/jdk.internal.reflect.NativeMethodAccessorImpl.invoke(NativeMethodAccessorImpl.java:77)\n       java.base/jdk.internal.reflect.DelegatingMethodAccessorImpl.invoke(DelegatingMethodAccessorImpl.java:43)\n       java.base/java.lang.reflect.Method.invoke(Method.java:569)\n       org.junit.platform.commons.util.ReflectionUtils.invokeMethod(ReflectionUtils.java:727)\n       org.junit.jupiter.engine.execution.MethodInvocation.proceed(MethodInvocation.java:60)\n       org.junit.jupiter.engine.execution.InvocationInterceptorChain$ValidatingInvocation.proceed(InvocationInterceptorChain.java:131)\n       org.junit.jupiter.engine.extension.TimeoutExtension.intercept(TimeoutExtension.java:156)\n       [...]\n  JUnit Jupiter:FetchOptimizationTest:test7_RealisticApiStyle()\n    MethodSource [className = 'FetchOptimizationTest', methodName = 'test7_RealisticApiStyle', methodParameterTypes = '']\n    => java.lang.UnsupportedOperationException: Pagination not supported in repository_before\n       FetchOptimization.fetchItems(FetchOptimization.java:14)\n       FetchOptimizationTest.test7_RealisticApiStyle(FetchOptimizationTest.java:101)\n       java.base/jdk.internal.reflect.NativeMethodAccessorImpl.invoke0(Native Method)\n       java.base/jdk.internal.reflect.NativeMethodAccessorImpl.invoke(NativeMethodAccessorImpl.java:77)\n       java.base/jdk.internal.reflect.DelegatingMethodAccessorImpl.invoke(DelegatingMethodAccessorImpl.java:43)\n       java.base/java.lang.reflect.Method.invoke(Method.java:569)\n       org.junit.platform.commons.util.ReflectionUtils.invokeMethod(ReflectionUtils.java:727)\n       org.junit.jupiter.engine.execution.MethodInvocation.proceed(MethodInvocation.java:60)\n       org.junit.jupiter.engine.execution.InvocationInterceptorChain$ValidatingInvocation.proceed(InvocationInterceptorChain.java:131)\n       org.junit.jupiter.engine.extension.TimeoutExtension.intercept(TimeoutExtension.java:156)\n       [...]\n  JUnit Jupiter:FetchOptimizationTest:test6_BackwardCompatibility()\n    MethodSource [className = 'FetchOptimizationTest', methodName = 'test6_BackwardCompatibility', methodParameterTypes = '']\n    => java.lang.UnsupportedOperationException: Pagination not supported in repository_before\n       FetchOptimization.fetchItems(FetchOptimization.java:14)\n       FetchOptimizationTest.test6_BackwardCompatibility(FetchOptimizationTest.java:92)\n       java.base/jdk.internal.reflect.NativeMethodAccessorImpl.invoke0(Native Method)\n       java.base/jdk.internal.reflect.NativeMethodAccessorImpl.invoke(NativeMethodAccessorImpl.java:77)\n       java.base/jdk.internal.reflect.DelegatingMethodAccessorImpl.invoke(DelegatingMethodAccessorImpl.java:43)\n       java.base/java.lang.reflect.Method.invoke(Method.java:569)\n       org.junit.platform.commons.util.ReflectionUtils.invokeMethod(ReflectionUtils.java:727)\n       org.junit.jupiter.engine.execution.MethodInvocation.proceed(MethodInvocation.java:60)\n       org.junit.jupiter.engine.execution.InvocationInterceptorChain$ValidatingInvocation.proceed(InvocationInterceptorChain.java:131)\n       org.junit.jupiter.engine.extension.TimeoutExtension.intercept(TimeoutExtension.java:156)\n       [...]\n\nTest run finished after 364 ms\n[         4 containers found      ]\n[         0 containers skipped    ]\n[         4 containers started    ]\n[         0 containers aborted    ]\n[         4 containers successful ]\n[         0 containers failed     ]\n[         7 tests found           ]\n[         0 tests skipped         ]\n[         7 tests started         ]\n[         0 tests aborted         ]\n[         1 tests successful      ]\n[         6 tests failed          ]\n\n",
      "passed": false
    },
    "metrics": {}
  },
  "after": {
    "tests": {
      "output": "\n\nThanks for using JUnit! Support its development at https://junit.org/sponsoring\n\n[36mâ•·[0m\n[36mâ”œâ”€[0m [36mJUnit Jupiter[0m [32mâœ”[0m\n[36mâ”‚  â””â”€[0m [36mFetchOptimizationTest[0m [32mâœ”[0m\n[36mâ”‚     â”œâ”€[0m [34mtest2_OptionalPagination_OneBasedIndexing()[0m [32mâœ”[0m\n[36mâ”‚     â”œâ”€[0m [34mtest5_PaginationValidation()[0m [32mâœ”[0m\n[36mâ”‚     â”œâ”€[0m [34mtest1_LinearTimeDuplicateRemoval_PreservesOrder()[0m [32mâœ”[0m\n[36mâ”‚     â”œâ”€[0m [34mtest4_NullInput_ThrowsException()[0m [32mâœ”[0m\n[36mâ”‚     â”œâ”€[0m [34mtest3_OutOfRangePage_ReturnsEmptyList()[0m [32mâœ”[0m\n[36mâ”‚     â”œâ”€[0m [34mtest7_RealisticApiStyle()[0m [32mâœ”[0m\n[36mâ”‚     â””â”€[0m [34mtest6_BackwardCompatibility()[0m [32mâœ”[0m\n[36mâ”œâ”€[0m [36mJUnit Vintage[0m [32mâœ”[0m\n[36mâ””â”€[0m [36mJUnit Platform Suite[0m [32mâœ”[0m\n\nTest run finished after 442 ms\n[         4 containers found      ]\n[         0 containers skipped    ]\n[         4 containers started    ]\n[         0 containers aborted    ]\n[         4 containers successful ]\n[         0 containers failed     ]\n[         7 tests found           ]\n[         0 tests skipped         ]\n[         7 tests started         ]\n[         0 tests aborted         ]\n[         7 tests successful      ]\n[         0 tests failed          ]\n\n",
      "passed": true
    },
    "metrics": {}
  },
  "comparison": {
    "passed_gate": true
  },
  "success": true,
  "error": null
}